Performing C SOURCE FILE Test CMAKE_HAVE_LIBC_PTHREAD failed with the following output:
Change Dir: /home/sakura/Documents/000000FromO/Homework/Topic 13/practice_pointCloudFusion_diy/cmake-build-debug/CMakeFiles/CMakeTmp

Run Build Command(s):/usr/bin/make cmTC_424a1/fast && /usr/bin/make  -f CMakeFiles/cmTC_424a1.dir/build.make CMakeFiles/cmTC_424a1.dir/build
make[1]: Entering directory '/home/sakura/Documents/000000FromO/Homework/Topic 13/practice_pointCloudFusion_diy/cmake-build-debug/CMakeFiles/CMakeTmp'
Building C object CMakeFiles/cmTC_424a1.dir/src.c.o
/usr/bin/cc -DCMAKE_HAVE_LIBC_PTHREAD   -o CMakeFiles/cmTC_424a1.dir/src.c.o -c "/home/sakura/Documents/000000FromO/Homework/Topic 13/practice_pointCloudFusion_diy/cmake-build-debug/CMakeFiles/CMakeTmp/src.c"
Linking C executable cmTC_424a1
/home/sakura/Downloads/clion-2019.2.4/bin/cmake/linux/bin/cmake -E cmake_link_script CMakeFiles/cmTC_424a1.dir/link.txt --verbose=1
/usr/bin/cc CMakeFiles/cmTC_424a1.dir/src.c.o -o cmTC_424a1 
CMakeFiles/cmTC_424a1.dir/src.c.o: In function `main':
src.c:(.text+0x3e): undefined reference to `pthread_create'
src.c:(.text+0x4a): undefined reference to `pthread_detach'
src.c:(.text+0x56): undefined reference to `pthread_cancel'
src.c:(.text+0x67): undefined reference to `pthread_join'
src.c:(.text+0x7b): undefined reference to `pthread_atfork'
collect2: error: ld returned 1 exit status
CMakeFiles/cmTC_424a1.dir/build.make:105: recipe for target 'cmTC_424a1' failed
make[1]: *** [cmTC_424a1] Error 1
make[1]: Leaving directory '/home/sakura/Documents/000000FromO/Homework/Topic 13/practice_pointCloudFusion_diy/cmake-build-debug/CMakeFiles/CMakeTmp'
Makefile:140: recipe for target 'cmTC_424a1/fast' failed
make: *** [cmTC_424a1/fast] Error 2


Source file was:
#include <pthread.h>

static void* test_func(void* data)
{
  return data;
}

int main(void)
{
  pthread_t thread;
  pthread_create(&thread, NULL, test_func, NULL);
  pthread_detach(thread);
  pthread_cancel(thread);
  pthread_join(thread, NULL);
  pthread_atfork(NULL, NULL, NULL);
  pthread_exit(NULL);

  return 0;
}

Determining if the function pthread_create exists in the pthreads failed with the following output:
Change Dir: /home/sakura/Documents/000000FromO/Homework/Topic 13/practice_pointCloudFusion_diy/cmake-build-debug/CMakeFiles/CMakeTmp

Run Build Command(s):/usr/bin/make cmTC_2923d/fast && /usr/bin/make  -f CMakeFiles/cmTC_2923d.dir/build.make CMakeFiles/cmTC_2923d.dir/build
make[1]: Entering directory '/home/sakura/Documents/000000FromO/Homework/Topic 13/practice_pointCloudFusion_diy/cmake-build-debug/CMakeFiles/CMakeTmp'
Building C object CMakeFiles/cmTC_2923d.dir/CheckFunctionExists.c.o
/usr/bin/cc   -DCHECK_FUNCTION_EXISTS=pthread_create -o CMakeFiles/cmTC_2923d.dir/CheckFunctionExists.c.o -c /home/sakura/Downloads/clion-2019.2.4/bin/cmake/linux/share/cmake-3.19/Modules/CheckFunctionExists.c
Linking C executable cmTC_2923d
/home/sakura/Downloads/clion-2019.2.4/bin/cmake/linux/bin/cmake -E cmake_link_script CMakeFiles/cmTC_2923d.dir/link.txt --verbose=1
/usr/bin/cc  -DCHECK_FUNCTION_EXISTS=pthread_create CMakeFiles/cmTC_2923d.dir/CheckFunctionExists.c.o -o cmTC_2923d  -lpthreads 
/usr/bin/ld: cannot find -lpthreads
collect2: error: ld returned 1 exit status
CMakeFiles/cmTC_2923d.dir/build.make:105: recipe for target 'cmTC_2923d' failed
make[1]: *** [cmTC_2923d] Error 1
make[1]: Leaving directory '/home/sakura/Documents/000000FromO/Homework/Topic 13/practice_pointCloudFusion_diy/cmake-build-debug/CMakeFiles/CMakeTmp'
Makefile:140: recipe for target 'cmTC_2923d/fast' failed
make: *** [cmTC_2923d/fast] Error 2



