Performing C SOURCE FILE Test CMAKE_HAVE_LIBC_PTHREAD failed with the following output:
Change Dir: /home/sakura/Documents/000000FromO/Homework/Topic 15/作业15-点云平滑及法线估计及显示/cmake-build-debug/CMakeFiles/CMakeTmp

Run Build Command(s):/usr/bin/make cmTC_de22b/fast && /usr/bin/make  -f CMakeFiles/cmTC_de22b.dir/build.make CMakeFiles/cmTC_de22b.dir/build
make[1]: Entering directory '/home/sakura/Documents/000000FromO/Homework/Topic 15/作业15-点云平滑及法线估计及显示/cmake-build-debug/CMakeFiles/CMakeTmp'
Building C object CMakeFiles/cmTC_de22b.dir/src.c.o
/usr/bin/cc -DCMAKE_HAVE_LIBC_PTHREAD   -o CMakeFiles/cmTC_de22b.dir/src.c.o -c "/home/sakura/Documents/000000FromO/Homework/Topic 15/作业15-点云平滑及法线估计及显示/cmake-build-debug/CMakeFiles/CMakeTmp/src.c"
Linking C executable cmTC_de22b
/home/sakura/Downloads/clion-2019.2.4/bin/cmake/linux/bin/cmake -E cmake_link_script CMakeFiles/cmTC_de22b.dir/link.txt --verbose=1
/usr/bin/cc -rdynamic CMakeFiles/cmTC_de22b.dir/src.c.o -o cmTC_de22b 
CMakeFiles/cmTC_de22b.dir/src.c.o: In function `main':
src.c:(.text+0x3e): undefined reference to `pthread_create'
src.c:(.text+0x4a): undefined reference to `pthread_detach'
src.c:(.text+0x56): undefined reference to `pthread_cancel'
src.c:(.text+0x67): undefined reference to `pthread_join'
src.c:(.text+0x7b): undefined reference to `pthread_atfork'
collect2: error: ld returned 1 exit status
CMakeFiles/cmTC_de22b.dir/build.make:105: recipe for target 'cmTC_de22b' failed
make[1]: *** [cmTC_de22b] Error 1
make[1]: Leaving directory '/home/sakura/Documents/000000FromO/Homework/Topic 15/作业15-点云平滑及法线估计及显示/cmake-build-debug/CMakeFiles/CMakeTmp'
Makefile:140: recipe for target 'cmTC_de22b/fast' failed
make: *** [cmTC_de22b/fast] Error 2


Source file was:
#include <pthread.h>

static void* test_func(void* data)
{
  return data;
}

int main(void)
{
  pthread_t thread;
  pthread_create(&thread, NULL, test_func, NULL);
  pthread_detach(thread);
  pthread_cancel(thread);
  pthread_join(thread, NULL);
  pthread_atfork(NULL, NULL, NULL);
  pthread_exit(NULL);

  return 0;
}

Determining if the function pthread_create exists in the pthreads failed with the following output:
Change Dir: /home/sakura/Documents/000000FromO/Homework/Topic 15/作业15-点云平滑及法线估计及显示/cmake-build-debug/CMakeFiles/CMakeTmp

Run Build Command(s):/usr/bin/make cmTC_3c690/fast && /usr/bin/make  -f CMakeFiles/cmTC_3c690.dir/build.make CMakeFiles/cmTC_3c690.dir/build
make[1]: Entering directory '/home/sakura/Documents/000000FromO/Homework/Topic 15/作业15-点云平滑及法线估计及显示/cmake-build-debug/CMakeFiles/CMakeTmp'
Building C object CMakeFiles/cmTC_3c690.dir/CheckFunctionExists.c.o
/usr/bin/cc   -DCHECK_FUNCTION_EXISTS=pthread_create -o CMakeFiles/cmTC_3c690.dir/CheckFunctionExists.c.o -c /home/sakura/Downloads/clion-2019.2.4/bin/cmake/linux/share/cmake-3.19/Modules/CheckFunctionExists.c
Linking C executable cmTC_3c690
/home/sakura/Downloads/clion-2019.2.4/bin/cmake/linux/bin/cmake -E cmake_link_script CMakeFiles/cmTC_3c690.dir/link.txt --verbose=1
/usr/bin/cc  -DCHECK_FUNCTION_EXISTS=pthread_create -rdynamic CMakeFiles/cmTC_3c690.dir/CheckFunctionExists.c.o -o cmTC_3c690  -lpthreads 
/usr/bin/ld: cannot find -lpthreads
collect2: error: ld returned 1 exit status
CMakeFiles/cmTC_3c690.dir/build.make:105: recipe for target 'cmTC_3c690' failed
make[1]: *** [cmTC_3c690] Error 1
make[1]: Leaving directory '/home/sakura/Documents/000000FromO/Homework/Topic 15/作业15-点云平滑及法线估计及显示/cmake-build-debug/CMakeFiles/CMakeTmp'
Makefile:140: recipe for target 'cmTC_3c690/fast' failed
make: *** [cmTC_3c690/fast] Error 2



